This is pdfTeX, Version 3.141592653-2.6-1.40.22 (MiKTeX 21.3) (preloaded format=pdflatex 2021.5.10)  28 SEP 2021 23:10
entering extended mode
**./document.tex
(document.tex
LaTeX2e <2020-10-01> patch level 4
L3 programming layer <2021-05-07>
(C:\Program Files\MiKTeX\tex/latex/base\article.cls
Document Class: article 2020/04/10 v1.4m Standard LaTeX document class
(C:\Program Files\MiKTeX\tex/latex/base\size12.clo
File: size12.clo 2020/04/10 v1.4m Standard LaTeX file (size option)
)
\c@part=\count179
\c@section=\count180
\c@subsection=\count181
\c@subsubsection=\count182
\c@paragraph=\count183
\c@subparagraph=\count184
\c@figure=\count185
\c@table=\count186
\abovecaptionskip=\skip47
\belowcaptionskip=\skip48
\bibindent=\dimen138
)
(C:\Program Files\MiKTeX\tex/latex/footmisc\footmisc.sty
Package: footmisc 2011/06/06 v5.5b a miscellany of footnote facilities
\FN@temptoken=\toks15
\footnotemargin=\dimen139
\c@pp@next@reset=\count187
Package footmisc Info: Declaring symbol style bringhurst on input line 855.
Package footmisc Info: Declaring symbol style chicago on input line 863.
Package footmisc Info: Declaring symbol style wiley on input line 872.
Package footmisc Info: Declaring symbol style lamport-robust on input line 883.

Package footmisc Info: Declaring symbol style lamport* on input line 903.
Package footmisc Info: Declaring symbol style lamport*-robust on input line 924
.
)
(C:\Program Files\MiKTeX\tex/latex/amsfonts\amssymb.sty
Package: amssymb 2013/01/14 v3.01 AMS font symbols

(C:\Program Files\MiKTeX\tex/latex/amsfonts\amsfonts.sty
Package: amsfonts 2013/01/14 v3.01 Basic AMSFonts support
\@emptytoks=\toks16
\symAMSa=\mathgroup4
\symAMSb=\mathgroup5
LaTeX Font Info:    Redeclaring math symbol \hbar on input line 98.
LaTeX Font Info:    Overwriting math alphabet `\mathfrak' in version `bold'
(Font)                  U/euf/m/n --> U/euf/b/n on input line 106.
))
(C:\Program Files\MiKTeX\tex/latex/mathtools\mathtools.sty
Package: mathtools 2021/04/12 v1.27 mathematical typesetting tools

(C:\Program Files\MiKTeX\tex/latex/graphics\keyval.sty
Package: keyval 2014/10/28 v1.15 key=value parser (DPC)
\KV@toks@=\toks17
)
(C:\Program Files\MiKTeX\tex/latex/latex-tools\calc.sty
Package: calc 2017/05/25 v4.3 Infix arithmetic (KKT,FJ)
\calc@Acount=\count188
\calc@Bcount=\count189
\calc@Adimen=\dimen140
\calc@Bdimen=\dimen141
\calc@Askip=\skip49
\calc@Bskip=\skip50
LaTeX Info: Redefining \setlength on input line 80.
LaTeX Info: Redefining \addtolength on input line 81.
\calc@Ccount=\count190
\calc@Cskip=\skip51
)
(C:\Program Files\MiKTeX\tex/latex/mathtools\mhsetup.sty
Package: mhsetup 2021/03/18 v1.4 programming setup (MH)
)
(C:\Program Files\MiKTeX\tex/latex/amsmath\amsmath.sty
Package: amsmath 2020/09/23 v2.17i AMS math features
\@mathmargin=\skip52

For additional information on amsmath, use the `?' option.
(C:\Program Files\MiKTeX\tex/latex/amsmath\amstext.sty
Package: amstext 2000/06/29 v2.01 AMS text

(C:\Program Files\MiKTeX\tex/latex/amsmath\amsgen.sty
File: amsgen.sty 1999/11/30 v2.0 generic functions
\@emptytoks=\toks18
\ex@=\dimen142
))
(C:\Program Files\MiKTeX\tex/latex/amsmath\amsbsy.sty
Package: amsbsy 1999/11/29 v1.2d Bold Symbols
\pmbraise@=\dimen143
)
(C:\Program Files\MiKTeX\tex/latex/amsmath\amsopn.sty
Package: amsopn 2016/03/08 v2.02 operator names
)
\inf@bad=\count191
LaTeX Info: Redefining \frac on input line 234.
\uproot@=\count192
\leftroot@=\count193
LaTeX Info: Redefining \overline on input line 399.
\classnum@=\count194
\DOTSCASE@=\count195
LaTeX Info: Redefining \ldots on input line 496.
LaTeX Info: Redefining \dots on input line 499.
LaTeX Info: Redefining \cdots on input line 620.
\Mathstrutbox@=\box47
\strutbox@=\box48
\big@size=\dimen144
LaTeX Font Info:    Redeclaring font encoding OML on input line 743.
LaTeX Font Info:    Redeclaring font encoding OMS on input line 744.
\macc@depth=\count196
\c@MaxMatrixCols=\count197
\dotsspace@=\muskip16
\c@parentequation=\count198
\dspbrk@lvl=\count199
\tag@help=\toks19
\row@=\count266
\column@=\count267
\maxfields@=\count268
\andhelp@=\toks20
\eqnshift@=\dimen145
\alignsep@=\dimen146
\tagshift@=\dimen147
\tagwidth@=\dimen148
\totwidth@=\dimen149
\lineht@=\dimen150
\@envbody=\toks21
\multlinegap=\skip53
\multlinetaggap=\skip54
\mathdisplay@stack=\toks22
LaTeX Info: Redefining \[ on input line 2923.
LaTeX Info: Redefining \] on input line 2924.
)
LaTeX Info: Thecontrolsequence`\('isalreadyrobust on input line 130.
LaTeX Info: Thecontrolsequence`\)'isalreadyrobust on input line 130.
LaTeX Info: Thecontrolsequence`\['isalreadyrobust on input line 130.
LaTeX Info: Thecontrolsequence`\]'isalreadyrobust on input line 130.
\g_MT_multlinerow_int=\count269
\l_MT_multwidth_dim=\dimen151
\origjot=\skip55
\l_MT_shortvdotswithinadjustabove_dim=\dimen152
\l_MT_shortvdotswithinadjustbelow_dim=\dimen153
\l_MT_above_intertext_sep=\dimen154
\l_MT_below_intertext_sep=\dimen155
\l_MT_above_shortintertext_sep=\dimen156
\l_MT_below_shortintertext_sep=\dimen157
\xmathstrut@box=\box49
\xmathstrut@dim=\dimen158
)
(C:\Program Files\MiKTeX\tex/latex/graphics\graphicx.sty
Package: graphicx 2020/09/09 v1.2b Enhanced LaTeX Graphics (DPC,SPQR)

(C:\Program Files\MiKTeX\tex/latex/graphics\graphics.sty
Package: graphics 2020/08/30 v1.4c Standard LaTeX Graphics (DPC,SPQR)

(C:\Program Files\MiKTeX\tex/latex/graphics\trig.sty
Package: trig 2016/01/03 v1.10 sin cos tan (DPC)
)
(C:\Program Files\MiKTeX\tex/latex/graphics-cfg\graphics.cfg
File: graphics.cfg 2016/06/04 v1.11 sample graphics configuration
)
Package graphics Info: Driver file: pdftex.def on input line 105.

(C:\Program Files\MiKTeX\tex/latex/graphics-def\pdftex.def
File: pdftex.def 2020/10/05 v1.2a Graphics/color driver for pdftex
))
\Gin@req@height=\dimen159
\Gin@req@width=\dimen160
)
(C:\Program Files\MiKTeX\tex/latex/graphics\color.sty
Package: color 2020/02/24 v1.2b Standard LaTeX Color (DPC)

(C:\Program Files\MiKTeX\tex/latex/graphics-cfg\color.cfg
File: color.cfg 2016/01/02 v1.6 sample color configuration
)
Package color Info: Driver file: pdftex.def on input line 147.
)
(C:\Program Files\MiKTeX\tex/latex/float\float.sty
Package: float 2001/11/08 v1.3d Float enhancements (AL)
\c@float@type=\count270
\float@exts=\toks23
\float@box=\box50
\@float@everytoks=\toks24
\@floatcapt=\box51
)
(C:\Program Files\MiKTeX\tex/latex/hyperref\hyperref.sty
Package: hyperref 2021-02-27 v7.00k Hypertext links for LaTeX

(C:\Program Files\MiKTeX\tex/generic/ltxcmds\ltxcmds.sty
Package: ltxcmds 2020-05-10 v1.25 LaTeX kernel commands for general use (HO)
)
(C:\Program Files\MiKTeX\tex/generic/iftex\iftex.sty
Package: iftex 2020/03/06 v1.0d TeX engine tests
)
(C:\Program Files\MiKTeX\tex/generic/pdftexcmds\pdftexcmds.sty
Package: pdftexcmds 2020-06-27 v0.33 Utility functions of pdfTeX for LuaTeX (HO
)

(C:\Program Files\MiKTeX\tex/generic/infwarerr\infwarerr.sty
Package: infwarerr 2019/12/03 v1.5 Providing info/warning/error messages (HO)
)
Package pdftexcmds Info: \pdf@primitive is available.
Package pdftexcmds Info: \pdf@ifprimitive is available.
Package pdftexcmds Info: \pdfdraftmode found.
)
(C:\Program Files\MiKTeX\tex/generic/kvsetkeys\kvsetkeys.sty
Package: kvsetkeys 2019/12/15 v1.18 Key value parser (HO)
)
(C:\Program Files\MiKTeX\tex/generic/kvdefinekeys\kvdefinekeys.sty
Package: kvdefinekeys 2019-12-19 v1.6 Define keys (HO)
)
(C:\Program Files\MiKTeX\tex/generic/pdfescape\pdfescape.sty
Package: pdfescape 2019/12/09 v1.15 Implements pdfTeX's escape features (HO)
)
(C:\Program Files\MiKTeX\tex/latex/hycolor\hycolor.sty
Package: hycolor 2020-01-27 v1.10 Color options for hyperref/bookmark (HO)
)
(C:\Program Files\MiKTeX\tex/latex/letltxmacro\letltxmacro.sty
Package: letltxmacro 2019/12/03 v1.6 Let assignment for LaTeX macros (HO)
)
(C:\Program Files\MiKTeX\tex/latex/auxhook\auxhook.sty
Package: auxhook 2019-12-17 v1.6 Hooks for auxiliary files (HO)
)
(C:\Program Files\MiKTeX\tex/latex/kvoptions\kvoptions.sty
Package: kvoptions 2020-10-07 v3.14 Key value format for package options (HO)
)
\@linkdim=\dimen161
\Hy@linkcounter=\count271
\Hy@pagecounter=\count272

(C:\Program Files\MiKTeX\tex/latex/hyperref\pd1enc.def
File: pd1enc.def 2021-02-27 v7.00k Hyperref: PDFDocEncoding definition (HO)
Now handling font encoding PD1 ...
... no UTF-8 mapping file for font encoding PD1
)
(C:\Program Files\MiKTeX\tex/latex/hyperref\hyperref-langpatches.def
File: hyperref-langpatches.def 2021-02-27 v7.00k Hyperref: patches for babel la
nguages
)
(C:\Program Files\MiKTeX\tex/generic/intcalc\intcalc.sty
Package: intcalc 2019/12/15 v1.3 Expandable calculations with integers (HO)
)
(C:\Program Files\MiKTeX\tex/generic/etexcmds\etexcmds.sty
Package: etexcmds 2019/12/15 v1.7 Avoid name clashes with e-TeX commands (HO)
)
\Hy@SavedSpaceFactor=\count273

(C:\Program Files\MiKTeX\tex/latex/hyperref\puenc.def
File: puenc.def 2021-02-27 v7.00k Hyperref: PDF Unicode definition (HO)
Now handling font encoding PU ...
... no UTF-8 mapping file for font encoding PU
)
Package hyperref Info: Hyper figures OFF on input line 4192.
Package hyperref Info: Link nesting OFF on input line 4197.
Package hyperref Info: Hyper index ON on input line 4200.
Package hyperref Info: Plain pages OFF on input line 4207.
Package hyperref Info: Backreferencing OFF on input line 4212.
Package hyperref Info: Implicit mode ON; LaTeX internals redefined.
Package hyperref Info: Bookmarks ON on input line 4445.
\c@Hy@tempcnt=\count274

(C:\Program Files\MiKTeX\tex/latex/url\url.sty
\Urlmuskip=\muskip17
Package: url 2013/09/16  ver 3.4  Verb mode for urls, etc.
)
LaTeX Info: Redefining \url on input line 4804.
\XeTeXLinkMargin=\dimen162

(C:\Program Files\MiKTeX\tex/generic/bitset\bitset.sty
Package: bitset 2019/12/09 v1.3 Handle bit-vector datatype (HO)

(C:\Program Files\MiKTeX\tex/generic/bigintcalc\bigintcalc.sty
Package: bigintcalc 2019/12/15 v1.5 Expandable calculations on big integers (HO
)
))
\Fld@menulength=\count275
\Field@Width=\dimen163
\Fld@charsize=\dimen164
Package hyperref Info: Hyper figures OFF on input line 6075.
Package hyperref Info: Link nesting OFF on input line 6080.
Package hyperref Info: Hyper index ON on input line 6083.
Package hyperref Info: backreferencing OFF on input line 6090.
Package hyperref Info: Link coloring OFF on input line 6095.
Package hyperref Info: Link coloring with OCG OFF on input line 6100.
Package hyperref Info: PDF/A mode OFF on input line 6105.
LaTeX Info: Redefining \ref on input line 6145.
LaTeX Info: Redefining \pageref on input line 6149.

(C:\Program Files\MiKTeX\tex/latex/base\atbegshi-ltx.sty
Package: atbegshi-ltx 2020/08/17 v1.0a Emulation of the original atbegshi packa
ge
with kernel methods
)
\Hy@abspage=\count276
\c@Item=\count277
\c@Hfootnote=\count278
)
Package hyperref Info: Driver (autodetected): hpdftex.

(C:\Program Files\MiKTeX\tex/latex/hyperref\hpdftex.def
File: hpdftex.def 2021-02-27 v7.00k Hyperref driver for pdfTeX

(C:\Program Files\MiKTeX\tex/latex/base\atveryend-ltx.sty
Package: atveryend-ltx 2020/08/19 v1.0a Emulation of the original atvery packag
e
with kernel methods
)
\Fld@listcount=\count279
\c@bookmark@seq@number=\count280

(C:\Program Files\MiKTeX\tex/latex/rerunfilecheck\rerunfilecheck.sty
Package: rerunfilecheck 2019/12/05 v1.9 Rerun checks for auxiliary files (HO)

(C:\Program Files\MiKTeX\tex/generic/uniquecounter\uniquecounter.sty
Package: uniquecounter 2019/12/15 v1.4 Provide unlimited unique counter (HO)
)
Package uniquecounter Info: New unique counter `rerunfilecheck' on input line 2
86.
)
\Hy@SectionHShift=\skip56
)
(C:\Program Files\MiKTeX\tex/latex/siunitx\siunitx.sty
(C:\Program Files\MiKTeX\tex/latex/l3kernel\expl3.sty
Package: expl3 2021-05-07 L3 programming layer (loader) 

(C:\Program Files\MiKTeX\tex/latex/l3backend\l3backend-pdftex.def
File: l3backend-pdftex.def 2021-05-07 L3 backend support: PDF output (pdfTeX)
\l__color_backend_stack_int=\count281
\l__pdf_internal_box=\box52
))
(C:\Program Files\MiKTeX\tex/latex/l3packages/xparse\xparse.sty
(C:\Program Files\MiKTeX\tex/latex/l3packages/xparse\xparse-2020-10-01.sty
(C:\Program Files\MiKTeX\tex/latex/l3packages/xparse\xparse-generic.tex)))
Package: siunitx 2021-04-17 v2.8e A comprehensive (SI) units package

(C:\Program Files\MiKTeX\tex/latex/latex-tools\array.sty
Package: array 2020/10/01 v2.5c Tabular extension package (FMi)
\col@sep=\dimen165
\ar@mcellbox=\box53
\extrarowheight=\dimen166
\NC@list=\toks25
\extratabsurround=\skip57
\backup@length=\skip58
\ar@cellbox=\box54
)
(C:\Program Files\MiKTeX\tex/latex/l3packages/l3keys2e\l3keys2e.sty
Package: l3keys2e 2021-05-07 LaTeX2e option processing using LaTeX3 keys
)
\l__siunitx_tmp_box=\box55
\l__siunitx_tmp_dim=\dimen167
\l__siunitx_tmp_int=\count282
\l__siunitx_number_mantissa_length_int=\count283
\l__siunitx_number_uncert_length_int=\count284
\l__siunitx_round_int=\count285
\l__siunitx_process_decimal_int=\count286
\l__siunitx_process_uncertainty_int=\count287
\l__siunitx_process_fixed_int=\count288
\l__siunitx_process_integer_min_int=\count289
\l__siunitx_process_precision_int=\count290
\l__siunitx_group_min_int=\count291
\l__siunitx_angle_marker_box=\box56
\l__siunitx_angle_unit_box=\box57
\l__siunitx_angle_marker_dim=\dimen168
\l__siunitx_angle_unit_dim=\dimen169
\l__siunitx_unit_int=\count292
\l__siunitx_unit_denominator_int=\count293
\l__siunitx_unit_numerator_int=\count294
\l__siunitx_unit_prefix_int=\count295
\l__siunitx_unit_prefix_base_int=\count296
\l__siunitx_unit_prefix_gram_int=\count297
\l__siunitx_number_product_int=\count298
\c__siunitx_one_fill_skip=\skip59
\l__siunitx_table_unit_align_skip=\skip60
\l__siunitx_table_exponent_dim=\dimen170
\l__siunitx_table_integer_dim=\dimen171
\l__siunitx_table_mantissa_dim=\dimen172
\l__siunitx_table_marker_dim=\dimen173
\l__siunitx_table_result_dim=\dimen174
\l__siunitx_table_uncert_dim=\dimen175
\l__siunitx_table_fill_pre_dim=\dimen176
\l__siunitx_table_fill_post_dim=\dimen177
\l__siunitx_table_fill_mid_dim=\dimen178
\l__siunitx_table_pre_box=\box58
\l__siunitx_table_post_box=\box59
\l__siunitx_table_mantissa_box=\box60
\l__siunitx_table_result_box=\box61
\l__siunitx_table_number_align_skip=\skip61
\l__siunitx_table_text_align_skip=\skip62

(C:\Program Files\MiKTeX\tex/latex/translator\translator.sty
Package: translator 2020-08-03 v1.12c Easy translation of strings in LaTeX
))
(C:\Program Files\MiKTeX\tex/latex/xcolor\xcolor.sty
Package: xcolor 2016/05/11 v2.12 LaTeX color extensions (UK)

(C:\Program Files\MiKTeX\tex/latex/graphics-cfg\color.cfg
File: color.cfg 2016/01/02 v1.6 sample color configuration
)
Package xcolor Info: Driver file: pdftex.def on input line 225.
LaTeX Info: Redefining \color on input line 709.
Package xcolor Info: Model `cmy' substituted by `cmy0' on input line 1348.
Package xcolor Info: Model `hsb' substituted by `rgb' on input line 1352.
Package xcolor Info: Model `RGB' extended on input line 1364.
Package xcolor Info: Model `HTML' substituted by `rgb' on input line 1366.
Package xcolor Info: Model `Hsb' substituted by `hsb' on input line 1367.
Package xcolor Info: Model `tHsb' substituted by `hsb' on input line 1368.
Package xcolor Info: Model `HSB' substituted by `hsb' on input line 1369.
Package xcolor Info: Model `Gray' substituted by `gray' on input line 1370.
Package xcolor Info: Model `wave' substituted by `hsb' on input line 1371.

(C:\Program Files\MiKTeX\tex/latex/graphics\dvipsnam.def
File: dvipsnam.def 2016/06/17 v3.0m Driver-dependent file (DPC,SPQR)
))
(C:\Program Files\MiKTeX\tex/latex/caption\caption.sty
Package: caption 2020/10/26 v3.5g Customizing captions (AR)

(C:\Program Files\MiKTeX\tex/latex/caption\caption3.sty
Package: caption3 2020/10/21 v2.2e caption3 kernel (AR)
\captionmargin=\dimen179
\captionmargin@=\dimen180
\captionwidth=\dimen181
\caption@tempdima=\dimen182
\caption@indent=\dimen183
\caption@parindent=\dimen184
\caption@hangindent=\dimen185
Package caption Info: Standard document class detected.
)
\c@caption@flags=\count299
\c@continuedfloat=\count300
Package caption Info: float package is loaded.
Package caption Info: hyperref package is loaded.
)
(C:\Program Files\MiKTeX\tex/latex/cite\cite.sty
LaTeX Info: Redefining \cite on input line 302.
LaTeX Info: Redefining \nocite on input line 332.
Package: cite 2015/02/27  v 5.5
LaTeX Info: Redefining \cite on input line 441.
)
(C:\Program Files\MiKTeX\tex/latex/listings\listings.sty
\lst@mode=\count301
\lst@gtempboxa=\box62
\lst@token=\toks26
\lst@length=\count302
\lst@currlwidth=\dimen186
\lst@column=\count303
\lst@pos=\count304
\lst@lostspace=\dimen187
\lst@width=\dimen188
\lst@newlines=\count305
\lst@lineno=\count306
\lst@maxwidth=\dimen189

(C:\Program Files\MiKTeX\tex/latex/listings\lstmisc.sty
File: lstmisc.sty 2020/03/24 1.8d (Carsten Heinz)
\c@lstnumber=\count307
\lst@skipnumbers=\count308
\lst@framebox=\box63
)
(C:\Program Files\MiKTeX\tex/latex/listings\listings.cfg
File: listings.cfg 2020/03/24 1.8d listings configuration
))
Package: listings 2020/03/24 1.8d (Carsten Heinz)
 (document.aux

LaTeX Warning: Label `fig:test1' multiply defined.


LaTeX Warning: Label `fig:test1' multiply defined.


LaTeX Warning: Label `fig:test1' multiply defined.


LaTeX Warning: Label `fig:test1' multiply defined.


LaTeX Warning: Label `fig:test1' multiply defined.


LaTeX Warning: Label `fig:test1' multiply defined.


LaTeX Warning: Label `fig:test1' multiply defined.


LaTeX Warning: Label `fig:test1' multiply defined.


LaTeX Warning: Label `fig:test1' multiply defined.


LaTeX Warning: Label `fig:percob2p85' multiply defined.


LaTeX Warning: Label `fig:test1' multiply defined.


LaTeX Warning: Label `fig:test1' multiply defined.


LaTeX Warning: Label `fig:test1' multiply defined.


LaTeX Warning: Label `fig:test1' multiply defined.


LaTeX Warning: Label `fig:test1' multiply defined.


LaTeX Warning: Label `fig:test1' multiply defined.


LaTeX Warning: Label `fig:mobFix' multiply defined.


LaTeX Warning: Label `fig:mobFix' multiply defined.


LaTeX Warning: Label `fig:mobAsmp' multiply defined.


LaTeX Warning: Label `fig:mobAsmp' multiply defined.


LaTeX Warning: Label `fig:mobAsmp' multiply defined.

)
\openout1 = `document.aux'.

LaTeX Font Info:    Checking defaults for OML/cmm/m/it on input line 44.
LaTeX Font Info:    ... okay on input line 44.
LaTeX Font Info:    Checking defaults for OMS/cmsy/m/n on input line 44.
LaTeX Font Info:    ... okay on input line 44.
LaTeX Font Info:    Checking defaults for OT1/cmr/m/n on input line 44.
LaTeX Font Info:    ... okay on input line 44.
LaTeX Font Info:    Checking defaults for T1/cmr/m/n on input line 44.
LaTeX Font Info:    ... okay on input line 44.
LaTeX Font Info:    Checking defaults for TS1/cmr/m/n on input line 44.
LaTeX Font Info:    ... okay on input line 44.
LaTeX Font Info:    Checking defaults for OMX/cmex/m/n on input line 44.
LaTeX Font Info:    ... okay on input line 44.
LaTeX Font Info:    Checking defaults for U/cmr/m/n on input line 44.
LaTeX Font Info:    ... okay on input line 44.
LaTeX Font Info:    Checking defaults for PD1/pdf/m/n on input line 44.
LaTeX Font Info:    ... okay on input line 44.
LaTeX Font Info:    Checking defaults for PU/pdf/m/n on input line 44.
LaTeX Font Info:    ... okay on input line 44.
 (C:\Program Files\MiKTeX\tex/context/base/mkii\supp-pdf.mkii
[Loading MPS to PDF converter (version 2006.09.02).]
\scratchcounter=\count309
\scratchdimen=\dimen190
\scratchbox=\box64
\nofMPsegments=\count310
\nofMParguments=\count311
\everyMPshowfont=\toks27
\MPscratchCnt=\count312
\MPscratchDim=\dimen191
\MPnumerator=\count313
\makeMPintoPDFobject=\count314
\everyMPtoPDFconversion=\toks28
) (C:\Program Files\MiKTeX\tex/latex/epstopdf-pkg\epstopdf-base.sty
Package: epstopdf-base 2020-01-24 v2.11 Base part for package epstopdf
Package epstopdf-base Info: Redefining graphics rule for `.eps' on input line 4
85.

(C:\Program Files\MiKTeX\tex/latex/00miktex\epstopdf-sys.cfg
File: epstopdf-sys.cfg 2021/03/18 v2.0 Configuration of epstopdf for MiKTeX
))
Package hyperref Info: Link coloring OFF on input line 44.

(C:\Program Files\MiKTeX\tex/latex/hyperref\nameref.sty
Package: nameref 2021-04-02 v2.47 Cross-referencing by name of section

(C:\Program Files\MiKTeX\tex/latex/refcount\refcount.sty
Package: refcount 2019/12/15 v3.6 Data extraction from label references (HO)
)
(C:\Program Files\MiKTeX\tex/generic/gettitlestring\gettitlestring.sty
Package: gettitlestring 2019/12/15 v1.6 Cleanup title references (HO)
)
\c@section@level=\count315
)
LaTeX Info: Redefining \ref on input line 44.
LaTeX Info: Redefining \pageref on input line 44.
LaTeX Info: Redefining \nameref on input line 44.

(document.out) (document.out)
\@outlinefile=\write3
\openout3 = `document.out'.


(C:\Program Files\MiKTeX\tex/latex/siunitx\siunitx-abbreviations.cfg
File: siunitx-abbreviations.cfg 2021-04-17 v2.8e siunitx: Abbreviated units
)
(C:\Program Files\MiKTeX\tex/latex/translator\translator-basic-dictionary-Engli
sh.dict
Dictionary: translator-basic-dictionary, Language: English 
)
Package caption Info: Begin \AtBeginDocument code.
Package caption Info: listings package is loaded.
Package caption Info: End \AtBeginDocument code.
\c@lstlisting=\count316
LaTeX Font Info:    Trying to load font information for U+msa on input line 44.

 (C:\Program Files\MiKTeX\tex/latex/amsfonts\umsa.fd
File: umsa.fd 2013/01/14 v3.01 AMS symbols A
)
LaTeX Font Info:    Trying to load font information for U+msb on input line 44.


(C:\Program Files\MiKTeX\tex/latex/amsfonts\umsb.fd
File: umsb.fd 2013/01/14 v3.01 AMS symbols B
) [1

{C:/Users/Dylan Callaghan/AppData/Local/MiKTeX/pdftex/config/pdftex.map}] (docu
ment.toc)
\tf@toc=\write4
\openout4 = `document.toc'.

pdfTeX warning (ext4): destination with the same identifier (name{page.1}) has 
been already used, duplicate ignored
<to be read again> 
                   \relax 
l.77 \newpage
              [1]
Underfull \hbox (badness 10000) in paragraph at lines 79--81

 []


Underfull \hbox (badness 10000) in paragraph at lines 81--84

 []


Underfull \hbox (badness 10000) in paragraph at lines 84--88

 []


Underfull \hbox (badness 10000) in paragraph at lines 84--88

 []

[2]
<./figs//mobAsymp.png, id=197, 501.875pt x 501.875pt>
File: ./figs//mobAsymp.png Graphic file (type png)
<use ./figs//mobAsymp.png>
Package pdftex.def Info: ./figs//mobAsymp.png  used on input line 99.
(pdftex.def)             Requested size: 200.74643pt x 200.74643pt.

Underfull \hbox (badness 10000) in paragraph at lines 103--104

 []

[3 <./figs//mobAsymp.png (PNG copy)>]
<./figs//1_2_fixedPoints.png, id=209, 501.875pt x 501.875pt>
File: ./figs//1_2_fixedPoints.png Graphic file (type png)
<use ./figs//1_2_fixedPoints.png>
Package pdftex.def Info: ./figs//1_2_fixedPoints.png  used on input line 126.
(pdftex.def)             Requested size: 200.74643pt x 200.74643pt.

Underfull \hbox (badness 10000) in paragraph at lines 130--131

 []

[4 <./figs//1_2_fixedPoints.png (PNG copy)>]
<./figs//mobFixConv.png, id=217, 501.875pt x 501.875pt>
File: ./figs//mobFixConv.png Graphic file (type png)
<use ./figs//mobFixConv.png>
Package pdftex.def Info: ./figs//mobFixConv.png  used on input line 171.
(pdftex.def)             Requested size: 200.74643pt x 200.74643pt.
 [5]
<./figs//fixedPointsCobwebIg.png, id=227, 501.875pt x 501.875pt>
File: ./figs//fixedPointsCobwebIg.png Graphic file (type png)
<use ./figs//fixedPointsCobwebIg.png>
Package pdftex.def Info: ./figs//fixedPointsCobwebIg.png  used on input line 19
4.
(pdftex.def)             Requested size: 200.74643pt x 200.74643pt.

Underfull \hbox (badness 10000) in paragraph at lines 198--199

 []

[6 <./figs//mobFixConv.png (PNG copy)>]
<./figs//fixedPointsCobwebMinOne.png, id=234, 501.875pt x 501.875pt>
File: ./figs//fixedPointsCobwebMinOne.png Graphic file (type png)
<use ./figs//fixedPointsCobwebMinOne.png>
Package pdftex.def Info: ./figs//fixedPointsCobwebMinOne.png  used on input lin
e 208.
(pdftex.def)             Requested size: 200.74643pt x 200.74643pt.


Package hyperref Warning: Token not allowed in a PDF string (Unicode):
(hyperref)                removing `math shift' on input line 217.


Package hyperref Warning: Token not allowed in a PDF string (Unicode):
(hyperref)                removing `math shift' on input line 217.

[7 <./figs//fixedPointsCobwebIg.png (PNG copy)> <./figs//fixedPointsCobwebMinOn
e.png (PNG copy)>] [8]
<./figs//mobCob3.png, id=250, 501.875pt x 501.875pt>
File: ./figs//mobCob3.png Graphic file (type png)
<use ./figs//mobCob3.png>
Package pdftex.def Info: ./figs//mobCob3.png  used on input line 262.
(pdftex.def)             Requested size: 200.74643pt x 200.74643pt.

Underfull \hbox (badness 10000) in paragraph at lines 266--267

 []

[9 <./figs//mobCob3.png (PNG copy)>] [10]
<./figs//eigenCycle.png, id=263, 501.875pt x 501.875pt>
File: ./figs//eigenCycle.png Graphic file (type png)
<use ./figs//eigenCycle.png>
Package pdftex.def Info: ./figs//eigenCycle.png  used on input line 357.
(pdftex.def)             Requested size: 200.74643pt x 200.74643pt.
 [11] [12 <./figs//eigenCycle.png (PNG copy)>]

Package hyperref Warning: Token not allowed in a PDF string (Unicode):
(hyperref)                removing `math shift' on input line 368.


Package hyperref Warning: Token not allowed in a PDF string (Unicode):
(hyperref)                removing `math shift' on input line 368.

[13]

Package hyperref Warning: Token not allowed in a PDF string (Unicode):
(hyperref)                removing `math shift' on input line 393.


Package hyperref Warning: Token not allowed in a PDF string (Unicode):
(hyperref)                removing `math shift' on input line 393.


Overfull \hbox (16.23941pt too wide) detected at line 406
[]
 []

[14]
Underfull \hbox (badness 10000) in paragraph at lines 421--424

 []

<./figs//mob7Cyc2.png, id=288, 702.625pt x 702.625pt>
File: ./figs//mob7Cyc2.png Graphic file (type png)
<use ./figs//mob7Cyc2.png>
Package pdftex.def Info: ./figs//mob7Cyc2.png  used on input line 441.
(pdftex.def)             Requested size: 149.37848pt x 149.3782pt.
<./figs//mob7Cyc4.png, id=289, 702.625pt x 702.625pt>
File: ./figs//mob7Cyc4.png Graphic file (type png)
<use ./figs//mob7Cyc4.png>
Package pdftex.def Info: ./figs//mob7Cyc4.png  used on input line 447.
(pdftex.def)             Requested size: 149.37848pt x 149.3782pt.
<./figs//mob7cyc6.png, id=290, 702.625pt x 702.625pt>
File: ./figs//mob7cyc6.png Graphic file (type png)
<use ./figs//mob7cyc6.png>
Package pdftex.def Info: ./figs//mob7cyc6.png  used on input line 453.
(pdftex.def)             Requested size: 149.37848pt x 149.3782pt.
[15]
<./figs//mob7Cyc.png, id=296, 702.625pt x 702.625pt>
File: ./figs//mob7Cyc.png Graphic file (type png)
<use ./figs//mob7Cyc.png>
Package pdftex.def Info: ./figs//mob7Cyc.png  used on input line 461.
(pdftex.def)             Requested size: 210.78912pt x 210.78912pt.

Underfull \hbox (badness 10000) in paragraph at lines 465--470

 []

[16 <./figs//mob7Cyc2.png (PNG copy)> <./figs//mob7Cyc4.png (PNG copy)> <./figs
//mob7cyc6.png (PNG copy)> <./figs//mob7Cyc.png (PNG copy)>] [17]
<./figs//periodExample.png, id=313, 501.875pt x 501.875pt>
File: ./figs//periodExample.png Graphic file (type png)
<use ./figs//periodExample.png>
Package pdftex.def Info: ./figs//periodExample.png  used on input line 477.
(pdftex.def)             Requested size: 200.74643pt x 200.74643pt.
 [18 <./figs//periodExample.png (PNG copy)>]

Package hyperref Warning: Token not allowed in a PDF string (Unicode):
(hyperref)                removing `math shift' on input line 500.


Package hyperref Warning: Token not allowed in a PDF string (Unicode):
(hyperref)                removing `math shift' on input line 500.

<./figs//perCob2p85.png, id=320, 501.875pt x 501.875pt>
File: ./figs//perCob2p85.png Graphic file (type png)
<use ./figs//perCob2p85.png>
Package pdftex.def Info: ./figs//perCob2p85.png  used on input line 504.
(pdftex.def)             Requested size: 200.74643pt x 200.74643pt.
<./figs//perDifferencesInR.png, id=321, 501.875pt x 501.875pt>
File: ./figs//perDifferencesInR.png Graphic file (type png)
<use ./figs//perDifferencesInR.png>
Package pdftex.def Info: ./figs//perDifferencesInR.png  used on input line 511.

(pdftex.def)             Requested size: 284.54012pt x 170.71947pt.

Package hyperref Warning: Token not allowed in a PDF string (Unicode):
(hyperref)                removing `math shift' on input line 516.


Package hyperref Warning: Token not allowed in a PDF string (Unicode):
(hyperref)                removing `\ge' on input line 516.


Package hyperref Warning: Token not allowed in a PDF string (Unicode):
(hyperref)                removing `math shift' on input line 516.

[19 <./figs//perCob2p85.png (PNG copy)> <./figs//perDifferencesInR.png (PNG cop
y)>]
<./figs//per3p05Conv.png, id=329, 501.875pt x 501.875pt>
File: ./figs//per3p05Conv.png Graphic file (type png)
<use ./figs//per3p05Conv.png>
Package pdftex.def Info: ./figs//per3p05Conv.png  used on input line 543.
(pdftex.def)             Requested size: 200.74643pt x 200.74643pt.
<./figs//per3p05Cob.png, id=330, 501.875pt x 501.875pt>
File: ./figs//per3p05Cob.png Graphic file (type png)
<use ./figs//per3p05Cob.png>
Package pdftex.def Info: ./figs//per3p05Cob.png  used on input line 550.
(pdftex.def)             Requested size: 200.74643pt x 200.74643pt.
 [20 <./figs//per3p05Conv.png (PNG copy)> <./figs//per3p05Cob.png (PNG copy)>]
<./figs//per3p05Per.png, id=337, 501.875pt x 501.875pt>
File: ./figs//per3p05Per.png Graphic file (type png)
<use ./figs//per3p05Per.png>
Package pdftex.def Info: ./figs//per3p05Per.png  used on input line 567.
(pdftex.def)             Requested size: 200.74643pt x 200.74643pt.
<./figs//per3p05PerCob.png, id=338, 501.875pt x 501.875pt>
File: ./figs//per3p05PerCob.png Graphic file (type png)
<use ./figs//per3p05PerCob.png>
Package pdftex.def Info: ./figs//per3p05PerCob.png  used on input line 574.
(pdftex.def)             Requested size: 200.74643pt x 200.74643pt.
<./figs//per3p5Per.png, id=339, 501.875pt x 501.875pt>
File: ./figs//per3p5Per.png Graphic file (type png)
<use ./figs//per3p5Per.png>
Package pdftex.def Info: ./figs//per3p5Per.png  used on input line 586.
(pdftex.def)             Requested size: 200.74643pt x 200.74643pt.
<./figs//per3p5PerCob.png, id=340, 501.875pt x 501.875pt>
File: ./figs//per3p5PerCob.png Graphic file (type png)
<use ./figs//per3p5PerCob.png>
Package pdftex.def Info: ./figs//per3p5PerCob.png  used on input line 593.
(pdftex.def)             Requested size: 200.74643pt x 200.74643pt.
 [21 <./figs//per3p05Per.png (PNG copy)> <./figs//per3p05PerCob.png (PNG copy)>
]
<./figs//per3p8.png, id=346, 501.875pt x 501.875pt>
File: ./figs//per3p8.png Graphic file (type png)
<use ./figs//per3p8.png>
Package pdftex.def Info: ./figs//per3p8.png  used on input line 605.
(pdftex.def)             Requested size: 170.63524pt x 170.63524pt.
<./figs//per3p8Cob.png, id=347, 501.875pt x 501.875pt>
File: ./figs//per3p8Cob.png Graphic file (type png)
<use ./figs//per3p8Cob.png>
Package pdftex.def Info: ./figs//per3p8Cob.png  used on input line 612.
(pdftex.def)             Requested size: 170.63524pt x 170.63524pt.
 [22 <./figs//per3p5Per.png (PNG copy)> <./figs//per3p5PerCob.png (PNG copy)> <
./figs//per3p8.png (PNG copy)> <./figs//per3p8Cob.png (PNG copy)>]

Package hyperref Warning: Token not allowed in a PDF string (Unicode):
(hyperref)                removing `math shift' on input line 620.


Package hyperref Warning: Token not allowed in a PDF string (Unicode):
(hyperref)                removing `math shift' on input line 620.


Underfull \hbox (badness 10000) in paragraph at lines 621--625

 []

<./figs//1sqrt5lim.png, id=355, 501.875pt x 501.875pt>
File: ./figs//1sqrt5lim.png Graphic file (type png)
<use ./figs//1sqrt5lim.png>
Package pdftex.def Info: ./figs//1sqrt5lim.png  used on input line 629.
(pdftex.def)             Requested size: 200.74643pt x 200.74643pt.
[23 <./figs//1sqrt5lim.png (PNG copy)>]
<./figs//bif.png, id=362, 136.8312pt x 94.6737pt>
File: ./figs//bif.png Graphic file (type png)
<use ./figs//bif.png>
Package pdftex.def Info: ./figs//bif.png  used on input line 641.
(pdftex.def)             Requested size: 218.93019pt x 151.4781pt.
 [24 <./figs//bif.png>]
<./figs//per3p83169.png, id=382, 501.875pt x 501.875pt>
File: ./figs//per3p83169.png Graphic file (type png)
<use ./figs//per3p83169.png>
Package pdftex.def Info: ./figs//per3p83169.png  used on input line 655.
(pdftex.def)             Requested size: 170.63524pt x 170.63524pt.
<./figs//per3p83169Cob.png, id=383, 501.875pt x 501.875pt>
File: ./figs//per3p83169Cob.png Graphic file (type png)
<use ./figs//per3p83169Cob.png>
Package pdftex.def Info: ./figs//per3p83169Cob.png  used on input line 662.
(pdftex.def)             Requested size: 170.63524pt x 170.63524pt.
<./figs//per3p738744.png, id=384, 501.875pt x 501.875pt>
File: ./figs//per3p738744.png Graphic file (type png)
<use ./figs//per3p738744.png>
Package pdftex.def Info: ./figs//per3p738744.png  used on input line 673.
(pdftex.def)             Requested size: 170.63524pt x 170.63524pt.
<./figs//per3p738744Cob.png, id=385, 501.875pt x 501.875pt>
File: ./figs//per3p738744Cob.png Graphic file (type png)
<use ./figs//per3p738744Cob.png>
Package pdftex.def Info: ./figs//per3p738744Cob.png  used on input line 680.
(pdftex.def)             Requested size: 170.63524pt x 170.63524pt.
<./figs//per3p628389.png, id=386, 501.875pt x 501.875pt>
File: ./figs//per3p628389.png Graphic file (type png)
<use ./figs//per3p628389.png>
Package pdftex.def Info: ./figs//per3p628389.png  used on input line 691.
(pdftex.def)             Requested size: 170.63524pt x 170.63524pt.
<./figs//per3p628389Cob.png, id=387, 501.875pt x 501.875pt>
File: ./figs//per3p628389Cob.png Graphic file (type png)
<use ./figs//per3p628389Cob.png>
Package pdftex.def Info: ./figs//per3p628389Cob.png  used on input line 698.
(pdftex.def)             Requested size: 170.63524pt x 170.63524pt.
 [25 <./figs//per3p83169.png (PNG copy)> <./figs//per3p83169Cob.png (PNG copy)>
 <./figs//per3p738744.png (PNG copy)> <./figs//per3p738744Cob.png (PNG copy)> <
./figs//per3p628389.png (PNG copy)> <./figs//per3p628389Cob.png (PNG copy)>]
<./figs//butterfly.png, id=395, 501.875pt x 501.875pt>
File: ./figs//butterfly.png Graphic file (type png)
<use ./figs//butterfly.png>
Package pdftex.def Info: ./figs//butterfly.png  used on input line 710.
(pdftex.def)             Requested size: 200.74643pt x 200.74643pt.
<./figs//butterfly2.png, id=396, 501.875pt x 501.875pt>
File: ./figs//butterfly2.png Graphic file (type png)
<use ./figs//butterfly2.png>
Package pdftex.def Info: ./figs//butterfly2.png  used on input line 723.
(pdftex.def)             Requested size: 200.74643pt x 200.74643pt.
 [26 <./figs//butterfly.png (PNG copy)> <./figs//butterfly2.png (PNG copy)>]

Package hyperref Warning: Token not allowed in a PDF string (Unicode):
(hyperref)                removing `math shift' on input line 734.


Package hyperref Warning: Token not allowed in a PDF string (Unicode):
(hyperref)                removing `subscript' on input line 734.


Package hyperref Warning: Token not allowed in a PDF string (Unicode):
(hyperref)                removing `subscript' on input line 734.


Package hyperref Warning: Token not allowed in a PDF string (Unicode):
(hyperref)                removing `superscript' on input line 734.


Package hyperref Warning: Token not allowed in a PDF string (Unicode):
(hyperref)                removing `math shift' on input line 734.


Package hyperref Warning: Difference (2) between bookmark levels is greater 
(hyperref)                than one, level fixed on input line 745.

(C:\Program Files\MiKTeX\tex/latex/listings\lstlang1.sty
File: lstlang1.sty 2020/03/24 1.8d listings language file
)
LaTeX Font Info:    Font shape `OT1/cmtt/bx/n' in size <8> not available
(Font)              Font shape `OT1/cmtt/m/n' tried instead on input line 750.
 [27]
Overfull \hbox (18.50249pt too wide) in paragraph at lines 791--794
\OT1/cmr/m/n/12 Without any op-ti-miza-tion and \OT1/cmtt/m/n/12 scan[]resoluti
on = 2000; complex[]iters = 1000\OT1/cmr/m/n/12 , my \OT1/cmtt/m/n/12 pythonw.e
xe
 []

[28]
<./figs//m1i0.png, id=451, 404.16997pt x 298.29442pt>
File: ./figs//m1i0.png Graphic file (type png)
<use ./figs//m1i0.png>
Package pdftex.def Info: ./figs//m1i0.png  used on input line 806.
(pdftex.def)             Requested size: 242.50385pt x 178.97801pt.
<./figs//02i045.png, id=452, 404.16997pt x 298.29442pt>
File: ./figs//02i045.png Graphic file (type png)
<use ./figs//02i045.png>
Package pdftex.def Info: ./figs//02i045.png  used on input line 818.
(pdftex.def)             Requested size: 242.50385pt x 178.97801pt.
<./figs//037i036.png, id=453, 404.16997pt x 298.29442pt>
File: ./figs//037i036.png Graphic file (type png)
<use ./figs//037i036.png>
Package pdftex.def Info: ./figs//037i036.png  used on input line 830.
(pdftex.def)             Requested size: 242.50385pt x 178.97801pt.


Package hyperref Warning: Token not allowed in a PDF string (Unicode):
(hyperref)                removing `math shift' on input line 840.


Package hyperref Warning: Token not allowed in a PDF string (Unicode):
(hyperref)                removing `math shift' on input line 840.

<./figs//-2i0.png, id=454, 410.4936pt x 298.4751pt>
File: ./figs//-2i0.png Graphic file (type png)
<use ./figs//-2i0.png>
Package pdftex.def Info: ./figs//-2i0.png  used on input line 844.
(pdftex.def)             Requested size: 246.29805pt x 179.08643pt.
[29 <./figs//m1i0.png> <./figs//02i045.png> <./figs//037i036.png>] [30 <./figs/
/-2i0.png>]

Package hyperref Warning: Token not allowed in a PDF string (Unicode):
(hyperref)                removing `math shift' on input line 852.


Package hyperref Warning: Token not allowed in a PDF string (Unicode):
(hyperref)                removing `math shift' on input line 852.

[31] [32]
<./figs//zCycles.png, id=484, 410.4936pt x 298.4751pt>
File: ./figs//zCycles.png Graphic file (type png)
<use ./figs//zCycles.png>
Package pdftex.def Info: ./figs//zCycles.png  used on input line 925.
(pdftex.def)             Requested size: 328.39532pt x 238.7804pt.

Underfull \hbox (badness 10000) in paragraph at lines 928--931

 []

[33 <./figs//zCycles.png>] [34] (document.bbl) [35]

Package hyperref Warning: Token not allowed in a PDF string (Unicode):
(hyperref)                removing `math shift' on input line 991.


Package hyperref Warning: Token not allowed in a PDF string (Unicode):
(hyperref)                removing `\leavevmode@ifvmode' on input line 991.


Package hyperref Warning: Token not allowed in a PDF string (Unicode):
(hyperref)                \kern 3.26288pt
(hyperref)                removed on input line 991.


Package hyperref Warning: Token not allowed in a PDF string (Unicode):
(hyperref)                removing `\leavevmode@ifvmode' on input line 991.


Package hyperref Warning: Token not allowed in a PDF string (Unicode):
(hyperref)                \kern 3.26288pt
(hyperref)                removed on input line 991.


Package hyperref Warning: Token not allowed in a PDF string (Unicode):
(hyperref)                removing `math shift' on input line 991.

[36] [37]

Package hyperref Warning: Token not allowed in a PDF string (Unicode):
(hyperref)                removing `math shift' on input line 1021.


Package hyperref Warning: Token not allowed in a PDF string (Unicode):
(hyperref)                removing `subscript' on input line 1021.


Package hyperref Warning: Token not allowed in a PDF string (Unicode):
(hyperref)                removing `subscript' on input line 1021.


Package hyperref Warning: Token not allowed in a PDF string (Unicode):
(hyperref)                removing `superscript' on input line 1021.


Package hyperref Warning: Token not allowed in a PDF string (Unicode):
(hyperref)                removing `math shift' on input line 1021.

[38]

Package hyperref Warning: Token not allowed in a PDF string (Unicode):
(hyperref)                removing `math shift' on input line 1085.


Package hyperref Warning: Token not allowed in a PDF string (Unicode):
(hyperref)                removing `math shift' on input line 1085.


Package hyperref Warning: Token not allowed in a PDF string (Unicode):
(hyperref)                removing `\mathsurround' on input line 1085.


Package hyperref Warning: Token not allowed in a PDF string (Unicode):
(hyperref)                removing `\z@' on input line 1085.


Package hyperref Warning: Token not allowed in a PDF string (Unicode):
(hyperref)                removing `superscript' on input line 1085.

[39] (document.aux)

LaTeX Warning: There were multiply-defined labels.

Package rerunfilecheck Info: File `document.out' has not changed.
(rerunfilecheck)             Checksum: E884257FB3AC790BED2167C7210A9555;9334.
 ) 
Here is how much of TeX's memory you used:
 16583 strings out of 479173
 279970 string characters out of 2864053
 1013470 words of memory out of 3000000
 33604 multiletter control sequences out of 15000+600000
 418810 words of font info for 88 fonts, out of 8000000 for 9000
 1141 hyphenation exceptions out of 8191
 68i,17n,76p,893b,2214s stack positions out of 5000i,500n,10000p,200000b,80000s
{C:/Program Files/MiKTeX/fonts/enc/dvips/cm-super/cm-super-ts1.enc}<C:/Progra
m Files/MiKTeX/fonts/type1/public/amsfonts/cm/cmbx12.pfb><C:/Program Files/MiKT
eX/fonts/type1/public/amsfonts/cm/cmbx8.pfb><C:/Program Files/MiKTeX/fonts/type
1/public/amsfonts/cm/cmex10.pfb><C:/Program Files/MiKTeX/fonts/type1/public/ams
fonts/cm/cmmi10.pfb><C:/Program Files/MiKTeX/fonts/type1/public/amsfonts/cm/cmm
i12.pfb><C:/Program Files/MiKTeX/fonts/type1/public/amsfonts/cm/cmmi6.pfb><C:/P
rogram Files/MiKTeX/fonts/type1/public/amsfonts/cm/cmmi7.pfb><C:/Program Files/
MiKTeX/fonts/type1/public/amsfonts/cm/cmmi8.pfb><C:/Program Files/MiKTeX/fonts/
type1/public/amsfonts/cm/cmr10.pfb><C:/Program Files/MiKTeX/fonts/type1/public/
amsfonts/cm/cmr12.pfb><C:/Program Files/MiKTeX/fonts/type1/public/amsfonts/cm/c
mr17.pfb><C:/Program Files/MiKTeX/fonts/type1/public/amsfonts/cm/cmr6.pfb><C:/P
rogram Files/MiKTeX/fonts/type1/public/amsfonts/cm/cmr7.pfb><C:/Program Files/M
iKTeX/fonts/type1/public/amsfonts/cm/cmr8.pfb><C:/Program Files/MiKTeX/fonts/ty
pe1/public/amsfonts/cm/cmsy10.pfb><C:/Program Files/MiKTeX/fonts/type1/public/a
msfonts/cm/cmsy8.pfb><C:/Program Files/MiKTeX/fonts/type1/public/amsfonts/cm/cm
tt12.pfb><C:/Program Files/MiKTeX/fonts/type1/public/amsfonts/cm/cmtt8.pfb><C:/
Program Files/MiKTeX/fonts/type1/public/amsfonts/symbols/msam10.pfb><C:/Program
 Files/MiKTeX/fonts/type1/public/amsfonts/symbols/msbm10.pfb><C:/Program Files/
MiKTeX/fonts/type1/public/cm-super/sfrm1200.pfb>
Output written on document.pdf (40 pages, 1578652 bytes).
PDF statistics:
 840 PDF objects out of 1000 (max. 8388607)
 341 named destinations out of 1000 (max. 500000)
 450 words of extra memory for PDF output out of 10000 (max. 10000000)

